<?xml version="1.0" encoding="UTF-8"?>
<!-- Generated by org.testng.reporters.JUnitXMLReporter -->
<testsuite hostname="aspire1437" name="Temenos" tests="143" failures="19" timestamp="20 Nov 2017 18:50:48 GMT" time="12972.189" errors="0">
  <testcase name="TC_TCIB_PAYMENT_001" time="45.687" classname="com.temenos.testscripts.PaymentTest"/>
  <testcase name="TC_TCIB_PAYMENT_002" time="45.432" classname="com.temenos.testscripts.PaymentTest"/>
  <testcase name="TC_TCIB_PAYMENT_003" time="46.248" classname="com.temenos.testscripts.PaymentTest"/>
  <testcase name="TC_TCIB_PAYMENT_004" time="46.642" classname="com.temenos.testscripts.PaymentTest"/>
  <testcase name="TC_TCIB_PAYMENT_005" time="294.499" classname="com.temenos.testscripts.PaymentTest"/>
  <testcase name="TC_TCIB_PAYMENT_006" time="303.35" classname="com.temenos.testscripts.PaymentTest"/>
  <testcase name="TC_TCIB_PAYMENT_007" time="299.315" classname="com.temenos.testscripts.PaymentTest"/>
  <testcase name="TC_TCIB_PAYMENT_008" time="327.965" classname="com.temenos.testscripts.PaymentTest">
    <failure type="java.lang.AssertionError" message="Actual : Test Failed. Check the steps above in red color.">
      <![CDATA[java.lang.AssertionError: Actual : Test Failed. Check the steps above in red color.
	at org.testng.Assert.fail(Assert.java:94)
	at com.temenos.support.Log.fail(Log.java:554)
	at com.temenos.support.Log.testCaseResult(Log.java:250)
	at com.temenos.testscripts.PaymentTest.TC_TCIB_PAYMENT_008(PaymentTest.java:559)
	at sun.reflect.NativeMethodAccessorImpl.invoke0(Native Method)
	at sun.reflect.NativeMethodAccessorImpl.invoke(Unknown Source)
	at sun.reflect.DelegatingMethodAccessorImpl.invoke(Unknown Source)
	at java.lang.reflect.Method.invoke(Unknown Source)
	at org.testng.internal.MethodInvocationHelper.invokeMethod(MethodInvocationHelper.java:85)
	at org.testng.internal.Invoker.invokeMethod(Invoker.java:659)
	at org.testng.internal.Invoker.invokeTestMethod(Invoker.java:845)
	at org.testng.internal.TestMethodWithDataProviderMethodWorker.call(TestMethodWithDataProviderMethodWorker.java:75)
	at org.testng.internal.TestMethodWithDataProviderMethodWorker.call(TestMethodWithDataProviderMethodWorker.java:14)
	at java.util.concurrent.FutureTask.run(Unknown Source)
	at java.util.concurrent.Executors$RunnableAdapter.call(Unknown Source)
	at java.util.concurrent.FutureTask.run(Unknown Source)
	at java.util.concurrent.ThreadPoolExecutor.runWorker(Unknown Source)
	at java.util.concurrent.ThreadPoolExecutor$Worker.run(Unknown Source)
	at java.lang.Thread.run(Unknown Source)
]]>
    </failure>
  </testcase> <!-- TC_TCIB_PAYMENT_008 -->
  <testcase name="TC_TCIB_PAYMENT_009" time="68.458" classname="com.temenos.testscripts.PaymentTest"/>
  <testcase name="TC_TCIB_PAYMENT_010" time="66.21" classname="com.temenos.testscripts.PaymentTest"/>
  <testcase name="TC_TCIB_PAYMENT_011" time="66.889" classname="com.temenos.testscripts.PaymentTest"/>
  <testcase name="TC_TCIB_PAYMENT_012" time="103.961" classname="com.temenos.testscripts.PaymentTest"/>
  <testcase name="TC_TCIB_PAYMENT_013" time="96.497" classname="com.temenos.testscripts.PaymentTest"/>
  <testcase name="TC_TCIB_PAYMENT_014" time="102.774" classname="com.temenos.testscripts.PaymentTest"/>
  <testcase name="TC_TCIB_PAYMENT_015" time="112.632" classname="com.temenos.testscripts.PaymentTest"/>
  <testcase name="TC_TCIB_PAYMENT_016" time="146.806" classname="com.temenos.testscripts.PaymentTest"/>
  <testcase name="TC_TCIB_PAYMENT_017" time="109.104" classname="com.temenos.testscripts.PaymentTest"/>
  <testcase name="TC_TCIB_PAYMENT_018" time="71.893" classname="com.temenos.testscripts.PaymentTest">
    <failure type="java.lang.AssertionError" message="Actual : Test Failed. Check the steps above in red color.">
      <![CDATA[java.lang.AssertionError: Actual : Test Failed. Check the steps above in red color.
	at org.testng.Assert.fail(Assert.java:94)
	at com.temenos.support.Log.fail(Log.java:554)
	at com.temenos.support.Log.testCaseResult(Log.java:250)
	at com.temenos.testscripts.PaymentTest.TC_TCIB_PAYMENT_018(PaymentTest.java:1595)
	at sun.reflect.NativeMethodAccessorImpl.invoke0(Native Method)
	at sun.reflect.NativeMethodAccessorImpl.invoke(Unknown Source)
	at sun.reflect.DelegatingMethodAccessorImpl.invoke(Unknown Source)
	at java.lang.reflect.Method.invoke(Unknown Source)
	at org.testng.internal.MethodInvocationHelper.invokeMethod(MethodInvocationHelper.java:85)
	at org.testng.internal.Invoker.invokeMethod(Invoker.java:659)
	at org.testng.internal.Invoker.invokeTestMethod(Invoker.java:845)
	at org.testng.internal.TestMethodWithDataProviderMethodWorker.call(TestMethodWithDataProviderMethodWorker.java:75)
	at org.testng.internal.TestMethodWithDataProviderMethodWorker.call(TestMethodWithDataProviderMethodWorker.java:14)
	at java.util.concurrent.FutureTask.run(Unknown Source)
	at java.util.concurrent.Executors$RunnableAdapter.call(Unknown Source)
	at java.util.concurrent.FutureTask.run(Unknown Source)
	at java.util.concurrent.ThreadPoolExecutor.runWorker(Unknown Source)
	at java.util.concurrent.ThreadPoolExecutor$Worker.run(Unknown Source)
	at java.lang.Thread.run(Unknown Source)
]]>
    </failure>
  </testcase> <!-- TC_TCIB_PAYMENT_018 -->
  <testcase name="TC_TCIB_PAYMENT_019" time="71.793" classname="com.temenos.testscripts.PaymentTest">
    <failure type="java.lang.AssertionError" message="Actual : Test Failed. Check the steps above in red color.">
      <![CDATA[java.lang.AssertionError: Actual : Test Failed. Check the steps above in red color.
	at org.testng.Assert.fail(Assert.java:94)
	at com.temenos.support.Log.fail(Log.java:554)
	at com.temenos.support.Log.testCaseResult(Log.java:250)
	at com.temenos.testscripts.PaymentTest.TC_TCIB_PAYMENT_019(PaymentTest.java:1704)
	at sun.reflect.NativeMethodAccessorImpl.invoke0(Native Method)
	at sun.reflect.NativeMethodAccessorImpl.invoke(Unknown Source)
	at sun.reflect.DelegatingMethodAccessorImpl.invoke(Unknown Source)
	at java.lang.reflect.Method.invoke(Unknown Source)
	at org.testng.internal.MethodInvocationHelper.invokeMethod(MethodInvocationHelper.java:85)
	at org.testng.internal.Invoker.invokeMethod(Invoker.java:659)
	at org.testng.internal.Invoker.invokeTestMethod(Invoker.java:845)
	at org.testng.internal.TestMethodWithDataProviderMethodWorker.call(TestMethodWithDataProviderMethodWorker.java:75)
	at org.testng.internal.TestMethodWithDataProviderMethodWorker.call(TestMethodWithDataProviderMethodWorker.java:14)
	at java.util.concurrent.FutureTask.run(Unknown Source)
	at java.util.concurrent.Executors$RunnableAdapter.call(Unknown Source)
	at java.util.concurrent.FutureTask.run(Unknown Source)
	at java.util.concurrent.ThreadPoolExecutor.runWorker(Unknown Source)
	at java.util.concurrent.ThreadPoolExecutor$Worker.run(Unknown Source)
	at java.lang.Thread.run(Unknown Source)
]]>
    </failure>
  </testcase> <!-- TC_TCIB_PAYMENT_019 -->
  <testcase name="TC_TCIB_PAYMENT_020" time="77.674" classname="com.temenos.testscripts.PaymentTest">
    <failure type="java.lang.AssertionError" message="Actual : Test Failed. Check the steps above in red color.">
      <![CDATA[java.lang.AssertionError: Actual : Test Failed. Check the steps above in red color.
	at org.testng.Assert.fail(Assert.java:94)
	at com.temenos.support.Log.fail(Log.java:554)
	at com.temenos.support.Log.testCaseResult(Log.java:250)
	at com.temenos.testscripts.PaymentTest.TC_TCIB_PAYMENT_020(PaymentTest.java:1811)
	at sun.reflect.NativeMethodAccessorImpl.invoke0(Native Method)
	at sun.reflect.NativeMethodAccessorImpl.invoke(Unknown Source)
	at sun.reflect.DelegatingMethodAccessorImpl.invoke(Unknown Source)
	at java.lang.reflect.Method.invoke(Unknown Source)
	at org.testng.internal.MethodInvocationHelper.invokeMethod(MethodInvocationHelper.java:85)
	at org.testng.internal.Invoker.invokeMethod(Invoker.java:659)
	at org.testng.internal.Invoker.invokeTestMethod(Invoker.java:845)
	at org.testng.internal.TestMethodWithDataProviderMethodWorker.call(TestMethodWithDataProviderMethodWorker.java:75)
	at org.testng.internal.TestMethodWithDataProviderMethodWorker.call(TestMethodWithDataProviderMethodWorker.java:14)
	at java.util.concurrent.FutureTask.run(Unknown Source)
	at java.util.concurrent.Executors$RunnableAdapter.call(Unknown Source)
	at java.util.concurrent.FutureTask.run(Unknown Source)
	at java.util.concurrent.ThreadPoolExecutor.runWorker(Unknown Source)
	at java.util.concurrent.ThreadPoolExecutor$Worker.run(Unknown Source)
	at java.lang.Thread.run(Unknown Source)
]]>
    </failure>
  </testcase> <!-- TC_TCIB_PAYMENT_020 -->
  <testcase name="TC_TCIB_PAYMENT_021" time="76.899" classname="com.temenos.testscripts.PaymentTest">
    <failure type="java.lang.AssertionError" message="Actual : Test Failed. Check the steps above in red color.">
      <![CDATA[java.lang.AssertionError: Actual : Test Failed. Check the steps above in red color.
	at org.testng.Assert.fail(Assert.java:94)
	at com.temenos.support.Log.fail(Log.java:554)
	at com.temenos.support.Log.testCaseResult(Log.java:250)
	at com.temenos.testscripts.PaymentTest.TC_TCIB_PAYMENT_021(PaymentTest.java:1920)
	at sun.reflect.NativeMethodAccessorImpl.invoke0(Native Method)
	at sun.reflect.NativeMethodAccessorImpl.invoke(Unknown Source)
	at sun.reflect.DelegatingMethodAccessorImpl.invoke(Unknown Source)
	at java.lang.reflect.Method.invoke(Unknown Source)
	at org.testng.internal.MethodInvocationHelper.invokeMethod(MethodInvocationHelper.java:85)
	at org.testng.internal.Invoker.invokeMethod(Invoker.java:659)
	at org.testng.internal.Invoker.invokeTestMethod(Invoker.java:845)
	at org.testng.internal.TestMethodWithDataProviderMethodWorker.call(TestMethodWithDataProviderMethodWorker.java:75)
	at org.testng.internal.TestMethodWithDataProviderMethodWorker.call(TestMethodWithDataProviderMethodWorker.java:14)
	at java.util.concurrent.FutureTask.run(Unknown Source)
	at java.util.concurrent.Executors$RunnableAdapter.call(Unknown Source)
	at java.util.concurrent.FutureTask.run(Unknown Source)
	at java.util.concurrent.ThreadPoolExecutor.runWorker(Unknown Source)
	at java.util.concurrent.ThreadPoolExecutor$Worker.run(Unknown Source)
	at java.lang.Thread.run(Unknown Source)
]]>
    </failure>
  </testcase> <!-- TC_TCIB_PAYMENT_021 -->
  <testcase name="TC_TCIB_PAYMENT_022" time="99.656" classname="com.temenos.testscripts.PaymentTest"/>
  <testcase name="TC_TCIB_PAYMENT_023" time="102.323" classname="com.temenos.testscripts.PaymentTest"/>
  <testcase name="TC_TCIB_PAYMENT_024" time="105.399" classname="com.temenos.testscripts.PaymentTest"/>
  <testcase name="TC_TCIB_PAYMENT_025" time="149.064" classname="com.temenos.testscripts.PaymentTest"/>
  <testcase name="TC_TCIB_CURRENTACCOUNT_001" time="76.39" classname="com.temenos.testscripts.CurrentAccountTest"/>
  <testcase name="TC_TCIB_CURRENTACCOUNT_002" time="69.156" classname="com.temenos.testscripts.CurrentAccountTest"/>
  <testcase name="TC_TCIB_CURRENTACCOUNT_003" time="46.047" classname="com.temenos.testscripts.CurrentAccountTest"/>
  <testcase name="TC_TCIB_CURRENTACCOUNT_004" time="137.755" classname="com.temenos.testscripts.CurrentAccountTest"/>
  <testcase name="TC_TCIB_CURRENTACCOUNT_005" time="49.121" classname="com.temenos.testscripts.CurrentAccountTest"/>
  <testcase name="TC_TCIB_CURRENTACCOUNT_006" time="50.493" classname="com.temenos.testscripts.CurrentAccountTest"/>
  <testcase name="TC_TCIB_CURRENTACCOUNT_007" time="32.845" classname="com.temenos.testscripts.CurrentAccountTest"/>
  <testcase name="TC_TCIB_CURRENTACCOUNT_008" time="48.277" classname="com.temenos.testscripts.CurrentAccountTest"/>
  <testcase name="TC_TCIB_CURRENTACCOUNT_009" time="33.27" classname="com.temenos.testscripts.CurrentAccountTest">
    <failure type="java.lang.AssertionError" message="Actual : Test Failed. Check the steps above in red color.">
      <![CDATA[java.lang.AssertionError: Actual : Test Failed. Check the steps above in red color.
	at org.testng.Assert.fail(Assert.java:94)
	at com.temenos.support.Log.fail(Log.java:554)
	at com.temenos.support.Log.testCaseResult(Log.java:248)
	at com.temenos.testscripts.CurrentAccountTest.TC_TCIB_CURRENTACCOUNT_009(CurrentAccountTest.java:384)
	at sun.reflect.NativeMethodAccessorImpl.invoke0(Native Method)
	at sun.reflect.NativeMethodAccessorImpl.invoke(Unknown Source)
	at sun.reflect.DelegatingMethodAccessorImpl.invoke(Unknown Source)
	at java.lang.reflect.Method.invoke(Unknown Source)
	at org.testng.internal.MethodInvocationHelper.invokeMethod(MethodInvocationHelper.java:85)
	at org.testng.internal.Invoker.invokeMethod(Invoker.java:659)
	at org.testng.internal.Invoker.invokeTestMethod(Invoker.java:845)
	at org.testng.internal.TestMethodWithDataProviderMethodWorker.call(TestMethodWithDataProviderMethodWorker.java:75)
	at org.testng.internal.TestMethodWithDataProviderMethodWorker.call(TestMethodWithDataProviderMethodWorker.java:14)
	at java.util.concurrent.FutureTask.run(Unknown Source)
	at java.util.concurrent.Executors$RunnableAdapter.call(Unknown Source)
	at java.util.concurrent.FutureTask.run(Unknown Source)
	at java.util.concurrent.ThreadPoolExecutor.runWorker(Unknown Source)
	at java.util.concurrent.ThreadPoolExecutor$Worker.run(Unknown Source)
	at java.lang.Thread.run(Unknown Source)
]]>
    </failure>
  </testcase> <!-- TC_TCIB_CURRENTACCOUNT_009 -->
  <testcase name="TC_TCIB_CURRENTACCOUNT_010" time="41.974" classname="com.temenos.testscripts.CurrentAccountTest"/>
  <testcase name="TC_TCIB_CURRENTACCOUNT_011" time="63.882" classname="com.temenos.testscripts.CurrentAccountTest"/>
  <testcase name="TC_TCIB_CURRENTACCOUNT_012" time="39.473" classname="com.temenos.testscripts.CurrentAccountTest"/>
  <testcase name="TC_TCIB_CURRENTACCOUNT_013" time="55.521" classname="com.temenos.testscripts.CurrentAccountTest"/>
  <testcase name="TC_TCIB_CURRENTACCOUNT_014" time="46.699" classname="com.temenos.testscripts.CurrentAccountTest"/>
  <testcase name="TC_TCIB_CURRENTACCOUNT_015" time="54.74" classname="com.temenos.testscripts.CurrentAccountTest"/>
  <testcase name="TC_TCIB_CURRENTACCOUNT_016" time="102.257" classname="com.temenos.testscripts.CurrentAccountTest"/>
  <testcase name="TC_TCIB_CURRENTACCOUNT_017" time="101.077" classname="com.temenos.testscripts.CurrentAccountTest"/>
  <testcase name="TC_TCIB_QUICKTRANSFER_001" time="37.11" classname="com.temenos.testscripts.QuickTransfer"/>
  <testcase name="TC_TCIB_QUICKTRANSFER_002" time="53.159" classname="com.temenos.testscripts.QuickTransfer"/>
  <testcase name="TC_TCIB_QUICKTRANSFER_003" time="30.139" classname="com.temenos.testscripts.QuickTransfer"/>
  <testcase name="TC_TCIB_QUICKTRANSFER_004" time="41.932" classname="com.temenos.testscripts.QuickTransfer"/>
  <testcase name="TC_TCIB_QUICKTRANSFER_005" time="61.223" classname="com.temenos.testscripts.QuickTransfer"/>
  <testcase name="TC_TCIB_DEPOSIT_001" time="140.622" classname="com.temenos.testscripts.DepositTest"/>
  <testcase name="TC_TCIB_DEPOSIT_002" time="152.56" classname="com.temenos.testscripts.DepositTest"/>
  <testcase name="TC_TCIB_DEPOSIT_003" time="145.821" classname="com.temenos.testscripts.DepositTest"/>
  <testcase name="TC_TCIB_DEPOSIT_004" time="152.847" classname="com.temenos.testscripts.DepositTest"/>
  <testcase name="verifySetingsFunctionality" time="79.812" classname="com.temenos.testscripts.SettingTest"/>
  <testcase name="TC_TCIB_Discover_001" time="31.898" classname="com.temenos.testscripts.DiscoverTest"/>
  <testcase name="TC_TCIB_Discover_002" time="30.493" classname="com.temenos.testscripts.DiscoverTest"/>
  <testcase name="TC_TCIB_Discover_003" time="32.89" classname="com.temenos.testscripts.DiscoverTest"/>
  <testcase name="TC_TCIB_Discover_013" time="114.249" classname="com.temenos.testscripts.DiscoverTest"/>
  <testcase name="TC_TCIB_Discover_014" time="79.561" classname="com.temenos.testscripts.DiscoverTest"/>
  <testcase name="TC_TCIB_Discover_018" time="77.206" classname="com.temenos.testscripts.DiscoverTest"/>
  <testcase name="TC_TCIB_Discover_019" time="77.696" classname="com.temenos.testscripts.DiscoverTest"/>
  <testcase name="TC_TCIB_Discover_020" time="81.717" classname="com.temenos.testscripts.DiscoverTest"/>
  <testcase name="TC_TCIB_Discover_021" time="77.709" classname="com.temenos.testscripts.DiscoverTest"/>
  <testcase name="TC_TCIB_Discover_022" time="77.976" classname="com.temenos.testscripts.DiscoverTest"/>
  <testcase name="TC_TCIB_Discover_023" time="71.171" classname="com.temenos.testscripts.DiscoverTest"/>
  <testcase name="TC_TCIB_Discover_024" time="72.897" classname="com.temenos.testscripts.DiscoverTest"/>
  <testcase name="TC_TCIB_Discover_025" time="124.341" classname="com.temenos.testscripts.DiscoverTest"/>
  <testcase name="TC_TCIB_Discover_026" time="73.05" classname="com.temenos.testscripts.DiscoverTest"/>
  <testcase name="TC_TCIB_AppSettings_001" time="41.824" classname="com.temenos.testscripts.SideBarTest"/>
  <testcase name="TC_TCIB_Branch_ATM_Locator_001" time="28.181" classname="com.temenos.testscripts.SideBarTest"/>
  <testcase name="TC_TCIB_CustomeProfile_001" time="25.424" classname="com.temenos.testscripts.SideBarTest"/>
  <testcase name="TC_TCIB_CustomerPreference_025" time="30.791" classname="com.temenos.testscripts.SideBarTest">
    <failure type="java.lang.AssertionError" message="Actual : Test Failed. Check the steps above in red color.">
      <![CDATA[java.lang.AssertionError: Actual : Test Failed. Check the steps above in red color.
	at org.testng.Assert.fail(Assert.java:94)
	at com.temenos.support.Log.fail(Log.java:554)
	at com.temenos.support.Log.testCaseResult(Log.java:248)
	at com.temenos.testscripts.SideBarTest.TC_TCIB_CustomerPreference_025(SideBarTest.java:388)
	at sun.reflect.NativeMethodAccessorImpl.invoke0(Native Method)
	at sun.reflect.NativeMethodAccessorImpl.invoke(Unknown Source)
	at sun.reflect.DelegatingMethodAccessorImpl.invoke(Unknown Source)
	at java.lang.reflect.Method.invoke(Unknown Source)
	at org.testng.internal.MethodInvocationHelper.invokeMethod(MethodInvocationHelper.java:85)
	at org.testng.internal.Invoker.invokeMethod(Invoker.java:659)
	at org.testng.internal.Invoker.invokeTestMethod(Invoker.java:845)
	at org.testng.internal.TestMethodWithDataProviderMethodWorker.call(TestMethodWithDataProviderMethodWorker.java:75)
	at org.testng.internal.TestMethodWithDataProviderMethodWorker.call(TestMethodWithDataProviderMethodWorker.java:14)
	at java.util.concurrent.FutureTask.run(Unknown Source)
	at java.util.concurrent.Executors$RunnableAdapter.call(Unknown Source)
	at java.util.concurrent.FutureTask.run(Unknown Source)
	at java.util.concurrent.ThreadPoolExecutor.runWorker(Unknown Source)
	at java.util.concurrent.ThreadPoolExecutor$Worker.run(Unknown Source)
	at java.lang.Thread.run(Unknown Source)
]]>
    </failure>
  </testcase> <!-- TC_TCIB_CustomerPreference_025 -->
  <testcase name="TC_TCIB_CustomerPreference_026" time="28.057" classname="com.temenos.testscripts.SideBarTest"/>
  <testcase name="TC_TCIB_CustomerPreference_027" time="37.01" classname="com.temenos.testscripts.SideBarTest"/>
  <testcase name="TC_TCIB_CustomerPreference_028" time="26.128" classname="com.temenos.testscripts.SideBarTest"/>
  <testcase name="TC_TCIB_CustomerPreference_029" time="39.377" classname="com.temenos.testscripts.SideBarTest"/>
  <testcase name="TC_TCIB_CustomerPreference_030" time="46.229" classname="com.temenos.testscripts.SideBarTest"/>
  <testcase name="TC_TCIB_CustomerPreference_031" time="36.911" classname="com.temenos.testscripts.SideBarTest">
    <failure type="java.lang.AssertionError" message="Actual : Test Failed. Check the steps above in red color.">
      <![CDATA[java.lang.AssertionError: Actual : Test Failed. Check the steps above in red color.
	at org.testng.Assert.fail(Assert.java:94)
	at com.temenos.support.Log.fail(Log.java:554)
	at com.temenos.support.Log.testCaseResult(Log.java:248)
	at com.temenos.testscripts.SideBarTest.TC_TCIB_CustomerPreference_031(SideBarTest.java:1085)
	at sun.reflect.NativeMethodAccessorImpl.invoke0(Native Method)
	at sun.reflect.NativeMethodAccessorImpl.invoke(Unknown Source)
	at sun.reflect.DelegatingMethodAccessorImpl.invoke(Unknown Source)
	at java.lang.reflect.Method.invoke(Unknown Source)
	at org.testng.internal.MethodInvocationHelper.invokeMethod(MethodInvocationHelper.java:85)
	at org.testng.internal.Invoker.invokeMethod(Invoker.java:659)
	at org.testng.internal.Invoker.invokeTestMethod(Invoker.java:845)
	at org.testng.internal.TestMethodWithDataProviderMethodWorker.call(TestMethodWithDataProviderMethodWorker.java:75)
	at org.testng.internal.TestMethodWithDataProviderMethodWorker.call(TestMethodWithDataProviderMethodWorker.java:14)
	at java.util.concurrent.FutureTask.run(Unknown Source)
	at java.util.concurrent.Executors$RunnableAdapter.call(Unknown Source)
	at java.util.concurrent.FutureTask.run(Unknown Source)
	at java.util.concurrent.ThreadPoolExecutor.runWorker(Unknown Source)
	at java.util.concurrent.ThreadPoolExecutor$Worker.run(Unknown Source)
	at java.lang.Thread.run(Unknown Source)
]]>
    </failure>
  </testcase> <!-- TC_TCIB_CustomerPreference_031 -->
  <testcase name="TC_TCIB_CustomerPreference_032" time="40.076" classname="com.temenos.testscripts.SideBarTest">
    <failure type="java.lang.AssertionError" message="Actual : Test Failed. Check the steps above in red color.">
      <![CDATA[java.lang.AssertionError: Actual : Test Failed. Check the steps above in red color.
	at org.testng.Assert.fail(Assert.java:94)
	at com.temenos.support.Log.fail(Log.java:554)
	at com.temenos.support.Log.testCaseResult(Log.java:248)
	at com.temenos.testscripts.SideBarTest.TC_TCIB_CustomerPreference_032(SideBarTest.java:736)
	at sun.reflect.NativeMethodAccessorImpl.invoke0(Native Method)
	at sun.reflect.NativeMethodAccessorImpl.invoke(Unknown Source)
	at sun.reflect.DelegatingMethodAccessorImpl.invoke(Unknown Source)
	at java.lang.reflect.Method.invoke(Unknown Source)
	at org.testng.internal.MethodInvocationHelper.invokeMethod(MethodInvocationHelper.java:85)
	at org.testng.internal.Invoker.invokeMethod(Invoker.java:659)
	at org.testng.internal.Invoker.invokeTestMethod(Invoker.java:845)
	at org.testng.internal.TestMethodWithDataProviderMethodWorker.call(TestMethodWithDataProviderMethodWorker.java:75)
	at org.testng.internal.TestMethodWithDataProviderMethodWorker.call(TestMethodWithDataProviderMethodWorker.java:14)
	at java.util.concurrent.FutureTask.run(Unknown Source)
	at java.util.concurrent.Executors$RunnableAdapter.call(Unknown Source)
	at java.util.concurrent.FutureTask.run(Unknown Source)
	at java.util.concurrent.ThreadPoolExecutor.runWorker(Unknown Source)
	at java.util.concurrent.ThreadPoolExecutor$Worker.run(Unknown Source)
	at java.lang.Thread.run(Unknown Source)
]]>
    </failure>
  </testcase> <!-- TC_TCIB_CustomerPreference_032 -->
  <testcase name="TC_TCIB_CustomerPreference_033" time="42.876" classname="com.temenos.testscripts.SideBarTest"/>
  <testcase name="TC_TCIB_CustomerPreference_034" time="38.143" classname="com.temenos.testscripts.SideBarTest"/>
  <testcase name="TC_TCIB_CustomerPreference_035" time="37.609" classname="com.temenos.testscripts.SideBarTest">
    <failure type="java.lang.AssertionError" message="Actual : Test Failed. Check the steps above in red color.">
      <![CDATA[java.lang.AssertionError: Actual : Test Failed. Check the steps above in red color.
	at org.testng.Assert.fail(Assert.java:94)
	at com.temenos.support.Log.fail(Log.java:554)
	at com.temenos.support.Log.testCaseResult(Log.java:248)
	at com.temenos.testscripts.SideBarTest.TC_TCIB_CustomerPreference_035(SideBarTest.java:869)
	at sun.reflect.NativeMethodAccessorImpl.invoke0(Native Method)
	at sun.reflect.NativeMethodAccessorImpl.invoke(Unknown Source)
	at sun.reflect.DelegatingMethodAccessorImpl.invoke(Unknown Source)
	at java.lang.reflect.Method.invoke(Unknown Source)
	at org.testng.internal.MethodInvocationHelper.invokeMethod(MethodInvocationHelper.java:85)
	at org.testng.internal.Invoker.invokeMethod(Invoker.java:659)
	at org.testng.internal.Invoker.invokeTestMethod(Invoker.java:845)
	at org.testng.internal.TestMethodWithDataProviderMethodWorker.call(TestMethodWithDataProviderMethodWorker.java:75)
	at org.testng.internal.TestMethodWithDataProviderMethodWorker.call(TestMethodWithDataProviderMethodWorker.java:14)
	at java.util.concurrent.FutureTask.run(Unknown Source)
	at java.util.concurrent.Executors$RunnableAdapter.call(Unknown Source)
	at java.util.concurrent.FutureTask.run(Unknown Source)
	at java.util.concurrent.ThreadPoolExecutor.runWorker(Unknown Source)
	at java.util.concurrent.ThreadPoolExecutor$Worker.run(Unknown Source)
	at java.lang.Thread.run(Unknown Source)
]]>
    </failure>
  </testcase> <!-- TC_TCIB_CustomerPreference_035 -->
  <testcase name="TC_TCIB_CustomerPreference_036" time="30.973" classname="com.temenos.testscripts.SideBarTest"/>
  <testcase name="TC_TCIB_CustomerPreference_040" time="35.175" classname="com.temenos.testscripts.SideBarTest"/>
  <testcase name="TC_TCIB_CustomerPreference_043" time="30.307" classname="com.temenos.testscripts.SideBarTest"/>
  <testcase name="TC_TCIB_CustomerPreference_ChnageLanguage" time="34.238" classname="com.temenos.testscripts.SideBarTest"/>
  <testcase name="TC_TCIB_Exchange_Rates_001" time="24.373" classname="com.temenos.testscripts.SideBarTest"/>
  <testcase name="TC_TCIB_Home_001" time="32.733" classname="com.temenos.testscripts.SideBarTest"/>
  <testcase name="TC_TCIB_LogOut_001" time="27.205" classname="com.temenos.testscripts.SideBarTest"/>
  <testcase name="TC_TCIB_ManagePayees_001" time="26.822" classname="com.temenos.testscripts.SideBarTest"/>
  <testcase name="TC_TCIB_SideBar_001" time="25.952" classname="com.temenos.testscripts.SideBarTest"/>
  <testcase name="verifyLogin" time="26.687" classname="com.temenos.testscripts.LoginTest"/>
  <testcase name="TC_TCIB_StandinOrder_002" time="43.657" classname="com.temenos.testscripts.StandingOrder">
    <failure type="java.lang.AssertionError" message="Actual : Test Failed. Check the steps above in red color.">
      <![CDATA[java.lang.AssertionError: Actual : Test Failed. Check the steps above in red color.
	at org.testng.Assert.fail(Assert.java:94)
	at com.temenos.support.Log.fail(Log.java:554)
	at com.temenos.support.Log.testCaseResult(Log.java:250)
	at com.temenos.testscripts.StandingOrder.TC_TCIB_StandinOrder_002(StandingOrder.java:86)
	at sun.reflect.NativeMethodAccessorImpl.invoke0(Native Method)
	at sun.reflect.NativeMethodAccessorImpl.invoke(Unknown Source)
	at sun.reflect.DelegatingMethodAccessorImpl.invoke(Unknown Source)
	at java.lang.reflect.Method.invoke(Unknown Source)
	at org.testng.internal.MethodInvocationHelper.invokeMethod(MethodInvocationHelper.java:85)
	at org.testng.internal.Invoker.invokeMethod(Invoker.java:659)
	at org.testng.internal.Invoker.invokeTestMethod(Invoker.java:845)
	at org.testng.internal.TestMethodWithDataProviderMethodWorker.call(TestMethodWithDataProviderMethodWorker.java:75)
	at org.testng.internal.TestMethodWithDataProviderMethodWorker.call(TestMethodWithDataProviderMethodWorker.java:14)
	at java.util.concurrent.FutureTask.run(Unknown Source)
	at java.util.concurrent.Executors$RunnableAdapter.call(Unknown Source)
	at java.util.concurrent.FutureTask.run(Unknown Source)
	at java.util.concurrent.ThreadPoolExecutor.runWorker(Unknown Source)
	at java.util.concurrent.ThreadPoolExecutor$Worker.run(Unknown Source)
	at java.lang.Thread.run(Unknown Source)
]]>
    </failure>
  </testcase> <!-- TC_TCIB_StandinOrder_002 -->
  <testcase name="TC_TCIB_StandinOrder_003" time="44.753" classname="com.temenos.testscripts.StandingOrder"/>
  <testcase name="TC_TCIB_StandinOrder_005" time="76.51" classname="com.temenos.testscripts.StandingOrder"/>
  <testcase name="TC_TCIB_StandinOrder_006" time="53.111" classname="com.temenos.testscripts.StandingOrder"/>
  <testcase name="TC_TCIB_StandinOrder_007" time="44.321" classname="com.temenos.testscripts.StandingOrder"/>
  <testcase name="TC_TCIB_StandinOrder_008" time="69.869" classname="com.temenos.testscripts.StandingOrder"/>
  <testcase name="TC_TCIB_StandinOrder_009" time="76.594" classname="com.temenos.testscripts.StandingOrder"/>
  <testcase name="TC_TCIB_StandinOrder_010" time="61.222" classname="com.temenos.testscripts.StandingOrder"/>
  <testcase name="TC_TCIB_StandinOrder_011" time="59.526" classname="com.temenos.testscripts.StandingOrder"/>
  <testcase name="TC_TCIB_StandinOrder_013" time="95.113" classname="com.temenos.testscripts.StandingOrder"/>
  <testcase name="TC_TCIB_StandinOrder_014" time="75.634" classname="com.temenos.testscripts.StandingOrder"/>
  <testcase name="TC_TCIB_StandinOrder_016" time="122.478" classname="com.temenos.testscripts.StandingOrder"/>
  <testcase name="TC_TCIB_StandinOrder_017" time="60.427" classname="com.temenos.testscripts.StandingOrder"/>
  <testcase name="TC_TCIB_StandinOrder_018" time="89.639" classname="com.temenos.testscripts.StandingOrder"/>
  <testcase name="TC_TCIB_StandinOrder_019" time="59.931" classname="com.temenos.testscripts.StandingOrder"/>
  <testcase name="TC_TCIB_StandinOrder_020" time="52.447" classname="com.temenos.testscripts.StandingOrder"/>
  <testcase name="TC_TCIB_ManagePayees_001" time="137.573" classname="com.temenos.testscripts.ManagePayees"/>
  <testcase name="TC_TCIB_ManagePayees_002" time="87.604" classname="com.temenos.testscripts.ManagePayees"/>
  <testcase name="TC_TCIB_ManagePayees_003" time="71.285" classname="com.temenos.testscripts.ManagePayees">
    <failure type="java.lang.AssertionError" message="Actual : Test Failed. Check the steps above in red color.">
      <![CDATA[java.lang.AssertionError: Actual : Test Failed. Check the steps above in red color.
	at org.testng.Assert.fail(Assert.java:94)
	at com.temenos.support.Log.fail(Log.java:554)
	at com.temenos.support.Log.testCaseResult(Log.java:250)
	at com.temenos.testscripts.ManagePayees.TC_TCIB_ManagePayees_003(ManagePayees.java:222)
	at sun.reflect.NativeMethodAccessorImpl.invoke0(Native Method)
	at sun.reflect.NativeMethodAccessorImpl.invoke(Unknown Source)
	at sun.reflect.DelegatingMethodAccessorImpl.invoke(Unknown Source)
	at java.lang.reflect.Method.invoke(Unknown Source)
	at org.testng.internal.MethodInvocationHelper.invokeMethod(MethodInvocationHelper.java:85)
	at org.testng.internal.Invoker.invokeMethod(Invoker.java:659)
	at org.testng.internal.Invoker.invokeTestMethod(Invoker.java:845)
	at org.testng.internal.TestMethodWithDataProviderMethodWorker.call(TestMethodWithDataProviderMethodWorker.java:75)
	at org.testng.internal.TestMethodWithDataProviderMethodWorker.call(TestMethodWithDataProviderMethodWorker.java:14)
	at java.util.concurrent.FutureTask.run(Unknown Source)
	at java.util.concurrent.Executors$RunnableAdapter.call(Unknown Source)
	at java.util.concurrent.FutureTask.run(Unknown Source)
	at java.util.concurrent.ThreadPoolExecutor.runWorker(Unknown Source)
	at java.util.concurrent.ThreadPoolExecutor$Worker.run(Unknown Source)
	at java.lang.Thread.run(Unknown Source)
]]>
    </failure>
  </testcase> <!-- TC_TCIB_ManagePayees_003 -->
  <testcase name="TC_TCIB_ManagePayees_004" time="63.643" classname="com.temenos.testscripts.ManagePayees"/>
  <testcase name="TC_TCIB_ManagePayees_005" time="190.081" classname="com.temenos.testscripts.ManagePayees"/>
  <testcase name="TC_TCIB_ManagePayees_006" time="53.816" classname="com.temenos.testscripts.ManagePayees"/>
  <testcase name="TC_TCIB_ManagePayees_007" time="198.503" classname="com.temenos.testscripts.ManagePayees"/>
  <testcase name="TC_TCIB_ManagePayees_008" time="76.543" classname="com.temenos.testscripts.ManagePayees">
    <failure type="java.lang.AssertionError" message="Actual : Test Failed. Check the steps above in red color.">
      <![CDATA[java.lang.AssertionError: Actual : Test Failed. Check the steps above in red color.
	at org.testng.Assert.fail(Assert.java:94)
	at com.temenos.support.Log.fail(Log.java:554)
	at com.temenos.support.Log.testCaseResult(Log.java:250)
	at com.temenos.testscripts.ManagePayees.TC_TCIB_ManagePayees_008(ManagePayees.java:510)
	at sun.reflect.NativeMethodAccessorImpl.invoke0(Native Method)
	at sun.reflect.NativeMethodAccessorImpl.invoke(Unknown Source)
	at sun.reflect.DelegatingMethodAccessorImpl.invoke(Unknown Source)
	at java.lang.reflect.Method.invoke(Unknown Source)
	at org.testng.internal.MethodInvocationHelper.invokeMethod(MethodInvocationHelper.java:85)
	at org.testng.internal.Invoker.invokeMethod(Invoker.java:659)
	at org.testng.internal.Invoker.invokeTestMethod(Invoker.java:845)
	at org.testng.internal.TestMethodWithDataProviderMethodWorker.call(TestMethodWithDataProviderMethodWorker.java:75)
	at org.testng.internal.TestMethodWithDataProviderMethodWorker.call(TestMethodWithDataProviderMethodWorker.java:14)
	at java.util.concurrent.FutureTask.run(Unknown Source)
	at java.util.concurrent.Executors$RunnableAdapter.call(Unknown Source)
	at java.util.concurrent.FutureTask.run(Unknown Source)
	at java.util.concurrent.ThreadPoolExecutor.runWorker(Unknown Source)
	at java.util.concurrent.ThreadPoolExecutor$Worker.run(Unknown Source)
	at java.lang.Thread.run(Unknown Source)
]]>
    </failure>
  </testcase> <!-- TC_TCIB_ManagePayees_008 -->
  <testcase name="TC_TCIB_ManagePayees_009" time="26.265" classname="com.temenos.testscripts.ManagePayees"/>
  <testcase name="TC_TCIB_ManagePayees_010" time="34.789" classname="com.temenos.testscripts.ManagePayees"/>
  <testcase name="TC_TCIB_Transfer_001" time="46.166" classname="com.temenos.testscripts.TransferTest"/>
  <testcase name="TC_TCIB_Transfer_002" time="50.694" classname="com.temenos.testscripts.TransferTest"/>
  <testcase name="TC_TCIB_Transfer_003" time="67.577" classname="com.temenos.testscripts.TransferTest"/>
  <testcase name="TC_TCIB_Transfer_004" time="50.438" classname="com.temenos.testscripts.TransferTest">
    <failure type="java.lang.AssertionError" message="Actual : Test Failed. Check the steps above in red color.">
      <![CDATA[java.lang.AssertionError: Actual : Test Failed. Check the steps above in red color.
	at org.testng.Assert.fail(Assert.java:94)
	at com.temenos.support.Log.fail(Log.java:554)
	at com.temenos.support.Log.testCaseResult(Log.java:250)
	at com.temenos.testscripts.TransferTest.TC_TCIB_Transfer_004(TransferTest.java:275)
	at sun.reflect.NativeMethodAccessorImpl.invoke0(Native Method)
	at sun.reflect.NativeMethodAccessorImpl.invoke(Unknown Source)
	at sun.reflect.DelegatingMethodAccessorImpl.invoke(Unknown Source)
	at java.lang.reflect.Method.invoke(Unknown Source)
	at org.testng.internal.MethodInvocationHelper.invokeMethod(MethodInvocationHelper.java:85)
	at org.testng.internal.Invoker.invokeMethod(Invoker.java:659)
	at org.testng.internal.Invoker.invokeTestMethod(Invoker.java:845)
	at org.testng.internal.TestMethodWithDataProviderMethodWorker.call(TestMethodWithDataProviderMethodWorker.java:75)
	at org.testng.internal.TestMethodWithDataProviderMethodWorker.call(TestMethodWithDataProviderMethodWorker.java:14)
	at java.util.concurrent.FutureTask.run(Unknown Source)
	at java.util.concurrent.Executors$RunnableAdapter.call(Unknown Source)
	at java.util.concurrent.FutureTask.run(Unknown Source)
	at java.util.concurrent.ThreadPoolExecutor.runWorker(Unknown Source)
	at java.util.concurrent.ThreadPoolExecutor$Worker.run(Unknown Source)
	at java.lang.Thread.run(Unknown Source)
]]>
    </failure>
  </testcase> <!-- TC_TCIB_Transfer_004 -->
  <testcase name="TC_TCIB_Transfer_005" time="60.839" classname="com.temenos.testscripts.TransferTest">
    <failure type="java.lang.AssertionError" message="Actual : Test Failed. Check the steps above in red color.">
      <![CDATA[java.lang.AssertionError: Actual : Test Failed. Check the steps above in red color.
	at org.testng.Assert.fail(Assert.java:94)
	at com.temenos.support.Log.fail(Log.java:554)
	at com.temenos.support.Log.testCaseResult(Log.java:250)
	at com.temenos.testscripts.TransferTest.TC_TCIB_Transfer_005(TransferTest.java:347)
	at sun.reflect.NativeMethodAccessorImpl.invoke0(Native Method)
	at sun.reflect.NativeMethodAccessorImpl.invoke(Unknown Source)
	at sun.reflect.DelegatingMethodAccessorImpl.invoke(Unknown Source)
	at java.lang.reflect.Method.invoke(Unknown Source)
	at org.testng.internal.MethodInvocationHelper.invokeMethod(MethodInvocationHelper.java:85)
	at org.testng.internal.Invoker.invokeMethod(Invoker.java:659)
	at org.testng.internal.Invoker.invokeTestMethod(Invoker.java:845)
	at org.testng.internal.TestMethodWithDataProviderMethodWorker.call(TestMethodWithDataProviderMethodWorker.java:75)
	at org.testng.internal.TestMethodWithDataProviderMethodWorker.call(TestMethodWithDataProviderMethodWorker.java:14)
	at java.util.concurrent.FutureTask.run(Unknown Source)
	at java.util.concurrent.Executors$RunnableAdapter.call(Unknown Source)
	at java.util.concurrent.FutureTask.run(Unknown Source)
	at java.util.concurrent.ThreadPoolExecutor.runWorker(Unknown Source)
	at java.util.concurrent.ThreadPoolExecutor$Worker.run(Unknown Source)
	at java.lang.Thread.run(Unknown Source)
]]>
    </failure>
  </testcase> <!-- TC_TCIB_Transfer_005 -->
  <testcase name="TC_TCIB_Transfer_006" time="96.012" classname="com.temenos.testscripts.TransferTest"/>
  <testcase name="TC_TCIB_Transfer_008" time="49.997" classname="com.temenos.testscripts.TransferTest"/>
  <testcase name="TC_TCIB_MortgageLoan_001" time="152.082" classname="com.temenos.testscripts.MortgageLoan"/>
  <testcase name="TC_TCIB_MortgageLoan_002" time="155.185" classname="com.temenos.testscripts.MortgageLoan"/>
  <testcase name="TC_TCIB_MortgageLoan_003" time="155.76" classname="com.temenos.testscripts.MortgageLoan"/>
  <testcase name="TC_TCIB_MortgageLoan_004" time="186.333" classname="com.temenos.testscripts.MortgageLoan">
    <failure type="java.lang.AssertionError" message="Actual : Test Failed. Check the steps above in red color.">
      <![CDATA[java.lang.AssertionError: Actual : Test Failed. Check the steps above in red color.
	at org.testng.Assert.fail(Assert.java:94)
	at com.temenos.support.Log.fail(Log.java:554)
	at com.temenos.support.Log.testCaseResult(Log.java:250)
	at com.temenos.testscripts.MortgageLoan.TC_TCIB_MortgageLoan_004(MortgageLoan.java:231)
	at sun.reflect.NativeMethodAccessorImpl.invoke0(Native Method)
	at sun.reflect.NativeMethodAccessorImpl.invoke(Unknown Source)
	at sun.reflect.DelegatingMethodAccessorImpl.invoke(Unknown Source)
	at java.lang.reflect.Method.invoke(Unknown Source)
	at org.testng.internal.MethodInvocationHelper.invokeMethod(MethodInvocationHelper.java:85)
	at org.testng.internal.Invoker.invokeMethod(Invoker.java:659)
	at org.testng.internal.Invoker.invokeTestMethod(Invoker.java:845)
	at org.testng.internal.TestMethodWithDataProviderMethodWorker.call(TestMethodWithDataProviderMethodWorker.java:75)
	at org.testng.internal.TestMethodWithDataProviderMethodWorker.call(TestMethodWithDataProviderMethodWorker.java:14)
	at java.util.concurrent.FutureTask.run(Unknown Source)
	at java.util.concurrent.Executors$RunnableAdapter.call(Unknown Source)
	at java.util.concurrent.FutureTask.run(Unknown Source)
	at java.util.concurrent.ThreadPoolExecutor.runWorker(Unknown Source)
	at java.util.concurrent.ThreadPoolExecutor$Worker.run(Unknown Source)
	at java.lang.Thread.run(Unknown Source)
]]>
    </failure>
  </testcase> <!-- TC_TCIB_MortgageLoan_004 -->
  <testcase name="TC_TCIB_MortgageLoan_005" time="405.428" classname="com.temenos.testscripts.MortgageLoan">
    <failure type="java.lang.AssertionError" message="Actual : Test Failed. Check the steps above in red color.">
      <![CDATA[java.lang.AssertionError: Actual : Test Failed. Check the steps above in red color.
	at org.testng.Assert.fail(Assert.java:94)
	at com.temenos.support.Log.fail(Log.java:554)
	at com.temenos.support.Log.testCaseResult(Log.java:250)
	at com.temenos.testscripts.MortgageLoan.TC_TCIB_MortgageLoan_005(MortgageLoan.java:327)
	at sun.reflect.NativeMethodAccessorImpl.invoke0(Native Method)
	at sun.reflect.NativeMethodAccessorImpl.invoke(Unknown Source)
	at sun.reflect.DelegatingMethodAccessorImpl.invoke(Unknown Source)
	at java.lang.reflect.Method.invoke(Unknown Source)
	at org.testng.internal.MethodInvocationHelper.invokeMethod(MethodInvocationHelper.java:85)
	at org.testng.internal.Invoker.invokeMethod(Invoker.java:659)
	at org.testng.internal.Invoker.invokeTestMethod(Invoker.java:845)
	at org.testng.internal.TestMethodWithDataProviderMethodWorker.call(TestMethodWithDataProviderMethodWorker.java:75)
	at org.testng.internal.TestMethodWithDataProviderMethodWorker.call(TestMethodWithDataProviderMethodWorker.java:14)
	at java.util.concurrent.FutureTask.run(Unknown Source)
	at java.util.concurrent.Executors$RunnableAdapter.call(Unknown Source)
	at java.util.concurrent.FutureTask.run(Unknown Source)
	at java.util.concurrent.ThreadPoolExecutor.runWorker(Unknown Source)
	at java.util.concurrent.ThreadPoolExecutor$Worker.run(Unknown Source)
	at java.lang.Thread.run(Unknown Source)
]]>
    </failure>
  </testcase> <!-- TC_TCIB_MortgageLoan_005 -->
  <testcase name="TC_TCIB_MortgageLoan_006" time="163.299" classname="com.temenos.testscripts.MortgageLoan"/>
  <testcase name="TC_TCIB_MortgageLoan_007" time="160.881" classname="com.temenos.testscripts.MortgageLoan"/>
  <testcase name="TC_TCIB_MortgageLoan_008" time="148.275" classname="com.temenos.testscripts.MortgageLoan"/>
  <testcase name="TC_TCIB_MortgageLoan_009" time="165.715" classname="com.temenos.testscripts.MortgageLoan"/>
  <testcase name="TC_TCIB_MortgageLoan_010" time="174.191" classname="com.temenos.testscripts.MortgageLoan">
    <failure type="java.lang.AssertionError" message="Actual : Test Failed. Check the steps above in red color.">
      <![CDATA[java.lang.AssertionError: Actual : Test Failed. Check the steps above in red color.
	at org.testng.Assert.fail(Assert.java:94)
	at com.temenos.support.Log.fail(Log.java:554)
	at com.temenos.support.Log.testCaseResult(Log.java:248)
	at com.temenos.testscripts.MortgageLoan.TC_TCIB_MortgageLoan_010(MortgageLoan.java:539)
	at sun.reflect.NativeMethodAccessorImpl.invoke0(Native Method)
	at sun.reflect.NativeMethodAccessorImpl.invoke(Unknown Source)
	at sun.reflect.DelegatingMethodAccessorImpl.invoke(Unknown Source)
	at java.lang.reflect.Method.invoke(Unknown Source)
	at org.testng.internal.MethodInvocationHelper.invokeMethod(MethodInvocationHelper.java:85)
	at org.testng.internal.Invoker.invokeMethod(Invoker.java:659)
	at org.testng.internal.Invoker.invokeTestMethod(Invoker.java:845)
	at org.testng.internal.TestMethodWithDataProviderMethodWorker.call(TestMethodWithDataProviderMethodWorker.java:75)
	at org.testng.internal.TestMethodWithDataProviderMethodWorker.call(TestMethodWithDataProviderMethodWorker.java:14)
	at java.util.concurrent.FutureTask.run(Unknown Source)
	at java.util.concurrent.Executors$RunnableAdapter.call(Unknown Source)
	at java.util.concurrent.FutureTask.run(Unknown Source)
	at java.util.concurrent.ThreadPoolExecutor.runWorker(Unknown Source)
	at java.util.concurrent.ThreadPoolExecutor$Worker.run(Unknown Source)
	at java.lang.Thread.run(Unknown Source)
]]>
    </failure>
  </testcase> <!-- TC_TCIB_MortgageLoan_010 -->
  <testcase name="TC_TCIB_MortgageLoan_011" time="161.872" classname="com.temenos.testscripts.MortgageLoan"/>
  <testcase name="TC_TCIB_MortgageLoan_012" time="164.469" classname="com.temenos.testscripts.MortgageLoan"/>
  <testcase name="TC_TCIB_AccountPage_001" time="42.13" classname="com.temenos.testscripts.AccountPageTest"/>
  <testcase name="TC_TCIB_AccountPage_002" time="43.3" classname="com.temenos.testscripts.AccountPageTest"/>
  <testcase name="TC_TCIB_AccountPage_003" time="41.934" classname="com.temenos.testscripts.AccountPageTest"/>
  <testcase name="TC_TCIB_AccountPage_004" time="155.774" classname="com.temenos.testscripts.AccountPageTest"/>
  <testcase name="TC_TCIB_AccountPage_005" time="153.839" classname="com.temenos.testscripts.AccountPageTest"/>
  <testcase name="TC_TCIB_AccountPageRecentTransaction_001" time="33.354" classname="com.temenos.testscripts.AllAccounts_RecentTransactionTest"/>
  <testcase name="TC_TCIB_AllAccount_006" time="367.017" classname="com.temenos.testscripts.AllAccountsTest"/>
  <testcase name="TC_TCIB_AllAccount_007" time="230.996" classname="com.temenos.testscripts.AllAccountsTest">
    <failure type="java.lang.AssertionError" message="Actual : Test Failed. Check the steps above in red color.">
      <![CDATA[java.lang.AssertionError: Actual : Test Failed. Check the steps above in red color.
	at org.testng.Assert.fail(Assert.java:94)
	at com.temenos.support.Log.fail(Log.java:554)
	at com.temenos.support.Log.testCaseResult(Log.java:248)
	at com.temenos.testscripts.AllAccountsTest.TC_TCIB_AllAccount_007(AllAccountsTest.java:410)
	at sun.reflect.NativeMethodAccessorImpl.invoke0(Native Method)
	at sun.reflect.NativeMethodAccessorImpl.invoke(Unknown Source)
	at sun.reflect.DelegatingMethodAccessorImpl.invoke(Unknown Source)
	at java.lang.reflect.Method.invoke(Unknown Source)
	at org.testng.internal.MethodInvocationHelper.invokeMethod(MethodInvocationHelper.java:85)
	at org.testng.internal.Invoker.invokeMethod(Invoker.java:659)
	at org.testng.internal.Invoker.invokeTestMethod(Invoker.java:845)
	at org.testng.internal.TestMethodWithDataProviderMethodWorker.call(TestMethodWithDataProviderMethodWorker.java:75)
	at org.testng.internal.TestMethodWithDataProviderMethodWorker.call(TestMethodWithDataProviderMethodWorker.java:14)
	at java.util.concurrent.FutureTask.run(Unknown Source)
	at java.util.concurrent.Executors$RunnableAdapter.call(Unknown Source)
	at java.util.concurrent.FutureTask.run(Unknown Source)
	at java.util.concurrent.ThreadPoolExecutor.runWorker(Unknown Source)
	at java.util.concurrent.ThreadPoolExecutor$Worker.run(Unknown Source)
	at java.lang.Thread.run(Unknown Source)
]]>
    </failure>
  </testcase> <!-- TC_TCIB_AllAccount_007 -->
</testsuite> <!-- Temenos -->
