<?xml version="1.0" encoding="UTF-8"?>
<!-- Generated by org.testng.reporters.JUnitReportReporter -->
<testsuite hostname="aspire1437" name="com.temenos.testscripts.StandingOrder" tests="16" failures="1" timestamp="20 Nov 2017 18:50:48 GMT" time="1085.232" errors="0">
  <testcase name="TC_TCIB_StandinOrder_007" time="44.321" classname="com.temenos.testscripts.StandingOrder"/>
  <testcase name="TC_TCIB_StandinOrder_016" time="122.478" classname="com.temenos.testscripts.StandingOrder"/>
  <testcase name="TC_TCIB_StandinOrder_017" time="60.427" classname="com.temenos.testscripts.StandingOrder"/>
  <testcase name="TC_TCIB_StandinOrder_010" time="61.222" classname="com.temenos.testscripts.StandingOrder"/>
  <testcase name="TC_TCIB_StandinOrder_009" time="76.594" classname="com.temenos.testscripts.StandingOrder"/>
  <testcase name="TC_TCIB_StandinOrder_006" time="53.111" classname="com.temenos.testscripts.StandingOrder"/>
  <testcase name="TC_TCIB_StandinOrder_019" time="59.931" classname="com.temenos.testscripts.StandingOrder"/>
  <testcase name="TC_TCIB_StandinOrder_003" time="44.753" classname="com.temenos.testscripts.StandingOrder"/>
  <testcase name="TC_TCIB_StandinOrder_014" time="75.634" classname="com.temenos.testscripts.StandingOrder"/>
  <testcase name="TC_TCIB_StandinOrder_020" time="52.447" classname="com.temenos.testscripts.StandingOrder"/>
  <testcase name="TC_TCIB_StandinOrder_005" time="76.510" classname="com.temenos.testscripts.StandingOrder"/>
  <testcase name="TC_TCIB_StandinOrder_008" time="69.869" classname="com.temenos.testscripts.StandingOrder"/>
  <testcase name="TC_TCIB_StandinOrder_002" time="43.657" classname="com.temenos.testscripts.StandingOrder">
    <failure type="java.lang.AssertionError" message="Actual : Test Failed. Check the steps above in red color.">
      <![CDATA[java.lang.AssertionError: Actual : Test Failed. Check the steps above in red color.
	at org.testng.Assert.fail(Assert.java:94)
	at com.temenos.support.Log.fail(Log.java:554)
	at com.temenos.support.Log.testCaseResult(Log.java:250)
	at com.temenos.testscripts.StandingOrder.TC_TCIB_StandinOrder_002(StandingOrder.java:86)
	at sun.reflect.NativeMethodAccessorImpl.invoke0(Native Method)
	at sun.reflect.NativeMethodAccessorImpl.invoke(Unknown Source)
	at sun.reflect.DelegatingMethodAccessorImpl.invoke(Unknown Source)
	at java.lang.reflect.Method.invoke(Unknown Source)
	at org.testng.internal.MethodInvocationHelper.invokeMethod(MethodInvocationHelper.java:85)
	at org.testng.internal.Invoker.invokeMethod(Invoker.java:659)
	at org.testng.internal.Invoker.invokeTestMethod(Invoker.java:845)
	at org.testng.internal.TestMethodWithDataProviderMethodWorker.call(TestMethodWithDataProviderMethodWorker.java:75)
	at org.testng.internal.TestMethodWithDataProviderMethodWorker.call(TestMethodWithDataProviderMethodWorker.java:14)
	at java.util.concurrent.FutureTask.run(Unknown Source)
	at java.util.concurrent.Executors$RunnableAdapter.call(Unknown Source)
	at java.util.concurrent.FutureTask.run(Unknown Source)
	at java.util.concurrent.ThreadPoolExecutor.runWorker(Unknown Source)
	at java.util.concurrent.ThreadPoolExecutor$Worker.run(Unknown Source)
	at java.lang.Thread.run(Unknown Source)
]]>
    </failure>
  </testcase> <!-- TC_TCIB_StandinOrder_002 -->
  <testcase name="TC_TCIB_StandinOrder_011" time="59.526" classname="com.temenos.testscripts.StandingOrder"/>
  <testcase name="TC_TCIB_StandinOrder_013" time="95.113" classname="com.temenos.testscripts.StandingOrder"/>
  <testcase name="TC_TCIB_StandinOrder_018" time="89.639" classname="com.temenos.testscripts.StandingOrder"/>
</testsuite> <!-- com.temenos.testscripts.StandingOrder -->
