<?xml version="1.0" encoding="UTF-8"?>
<!-- Generated by org.testng.reporters.JUnitReportReporter -->
<testsuite hostname="aspire1437" name="com.temenos.testscripts.CurrentAccountTest" tests="17" failures="1" timestamp="20 Nov 2017 18:50:48 GMT" time="1048.977" errors="0">
  <testcase name="TC_TCIB_CURRENTACCOUNT_004" time="137.755" classname="com.temenos.testscripts.CurrentAccountTest"/>
  <testcase name="TC_TCIB_CURRENTACCOUNT_010" time="41.974" classname="com.temenos.testscripts.CurrentAccountTest"/>
  <testcase name="TC_TCIB_CURRENTACCOUNT_007" time="32.845" classname="com.temenos.testscripts.CurrentAccountTest"/>
  <testcase name="TC_TCIB_CURRENTACCOUNT_017" time="101.077" classname="com.temenos.testscripts.CurrentAccountTest"/>
  <testcase name="TC_TCIB_CURRENTACCOUNT_011" time="63.882" classname="com.temenos.testscripts.CurrentAccountTest"/>
  <testcase name="TC_TCIB_CURRENTACCOUNT_005" time="49.121" classname="com.temenos.testscripts.CurrentAccountTest"/>
  <testcase name="TC_TCIB_CURRENTACCOUNT_006" time="50.493" classname="com.temenos.testscripts.CurrentAccountTest"/>
  <testcase name="TC_TCIB_CURRENTACCOUNT_015" time="54.740" classname="com.temenos.testscripts.CurrentAccountTest"/>
  <testcase name="TC_TCIB_CURRENTACCOUNT_008" time="48.277" classname="com.temenos.testscripts.CurrentAccountTest"/>
  <testcase name="TC_TCIB_CURRENTACCOUNT_013" time="55.521" classname="com.temenos.testscripts.CurrentAccountTest"/>
  <testcase name="TC_TCIB_CURRENTACCOUNT_012" time="39.473" classname="com.temenos.testscripts.CurrentAccountTest"/>
  <testcase name="TC_TCIB_CURRENTACCOUNT_009" time="33.270" classname="com.temenos.testscripts.CurrentAccountTest">
    <failure type="java.lang.AssertionError" message="Actual : Test Failed. Check the steps above in red color.">
      <![CDATA[java.lang.AssertionError: Actual : Test Failed. Check the steps above in red color.
	at org.testng.Assert.fail(Assert.java:94)
	at com.temenos.support.Log.fail(Log.java:554)
	at com.temenos.support.Log.testCaseResult(Log.java:248)
	at com.temenos.testscripts.CurrentAccountTest.TC_TCIB_CURRENTACCOUNT_009(CurrentAccountTest.java:384)
	at sun.reflect.NativeMethodAccessorImpl.invoke0(Native Method)
	at sun.reflect.NativeMethodAccessorImpl.invoke(Unknown Source)
	at sun.reflect.DelegatingMethodAccessorImpl.invoke(Unknown Source)
	at java.lang.reflect.Method.invoke(Unknown Source)
	at org.testng.internal.MethodInvocationHelper.invokeMethod(MethodInvocationHelper.java:85)
	at org.testng.internal.Invoker.invokeMethod(Invoker.java:659)
	at org.testng.internal.Invoker.invokeTestMethod(Invoker.java:845)
	at org.testng.internal.TestMethodWithDataProviderMethodWorker.call(TestMethodWithDataProviderMethodWorker.java:75)
	at org.testng.internal.TestMethodWithDataProviderMethodWorker.call(TestMethodWithDataProviderMethodWorker.java:14)
	at java.util.concurrent.FutureTask.run(Unknown Source)
	at java.util.concurrent.Executors$RunnableAdapter.call(Unknown Source)
	at java.util.concurrent.FutureTask.run(Unknown Source)
	at java.util.concurrent.ThreadPoolExecutor.runWorker(Unknown Source)
	at java.util.concurrent.ThreadPoolExecutor$Worker.run(Unknown Source)
	at java.lang.Thread.run(Unknown Source)
]]>
    </failure>
  </testcase> <!-- TC_TCIB_CURRENTACCOUNT_009 -->
  <testcase name="TC_TCIB_CURRENTACCOUNT_002" time="69.156" classname="com.temenos.testscripts.CurrentAccountTest"/>
  <testcase name="TC_TCIB_CURRENTACCOUNT_003" time="46.047" classname="com.temenos.testscripts.CurrentAccountTest"/>
  <testcase name="TC_TCIB_CURRENTACCOUNT_016" time="102.257" classname="com.temenos.testscripts.CurrentAccountTest"/>
  <testcase name="TC_TCIB_CURRENTACCOUNT_014" time="46.699" classname="com.temenos.testscripts.CurrentAccountTest"/>
  <testcase name="TC_TCIB_CURRENTACCOUNT_001" time="76.390" classname="com.temenos.testscripts.CurrentAccountTest"/>
</testsuite> <!-- com.temenos.testscripts.CurrentAccountTest -->
