<?xml version="1.0" encoding="UTF-8"?>
<!-- Generated by org.testng.reporters.JUnitReportReporter -->
<testsuite hostname="aspire1437" name="com.temenos.testscripts.TransferTest" tests="7" failures="2" timestamp="20 Nov 2017 18:50:48 GMT" time="421.723" errors="0">
  <testcase name="TC_TCIB_Transfer_008" time="49.997" classname="com.temenos.testscripts.TransferTest"/>
  <testcase name="TC_TCIB_Transfer_004" time="50.438" classname="com.temenos.testscripts.TransferTest">
    <failure type="java.lang.AssertionError" message="Actual : Test Failed. Check the steps above in red color.">
      <![CDATA[java.lang.AssertionError: Actual : Test Failed. Check the steps above in red color.
	at org.testng.Assert.fail(Assert.java:94)
	at com.temenos.support.Log.fail(Log.java:554)
	at com.temenos.support.Log.testCaseResult(Log.java:250)
	at com.temenos.testscripts.TransferTest.TC_TCIB_Transfer_004(TransferTest.java:275)
	at sun.reflect.NativeMethodAccessorImpl.invoke0(Native Method)
	at sun.reflect.NativeMethodAccessorImpl.invoke(Unknown Source)
	at sun.reflect.DelegatingMethodAccessorImpl.invoke(Unknown Source)
	at java.lang.reflect.Method.invoke(Unknown Source)
	at org.testng.internal.MethodInvocationHelper.invokeMethod(MethodInvocationHelper.java:85)
	at org.testng.internal.Invoker.invokeMethod(Invoker.java:659)
	at org.testng.internal.Invoker.invokeTestMethod(Invoker.java:845)
	at org.testng.internal.TestMethodWithDataProviderMethodWorker.call(TestMethodWithDataProviderMethodWorker.java:75)
	at org.testng.internal.TestMethodWithDataProviderMethodWorker.call(TestMethodWithDataProviderMethodWorker.java:14)
	at java.util.concurrent.FutureTask.run(Unknown Source)
	at java.util.concurrent.Executors$RunnableAdapter.call(Unknown Source)
	at java.util.concurrent.FutureTask.run(Unknown Source)
	at java.util.concurrent.ThreadPoolExecutor.runWorker(Unknown Source)
	at java.util.concurrent.ThreadPoolExecutor$Worker.run(Unknown Source)
	at java.lang.Thread.run(Unknown Source)
]]>
    </failure>
  </testcase> <!-- TC_TCIB_Transfer_004 -->
  <testcase name="TC_TCIB_Transfer_005" time="60.839" classname="com.temenos.testscripts.TransferTest">
    <failure type="java.lang.AssertionError" message="Actual : Test Failed. Check the steps above in red color.">
      <![CDATA[java.lang.AssertionError: Actual : Test Failed. Check the steps above in red color.
	at org.testng.Assert.fail(Assert.java:94)
	at com.temenos.support.Log.fail(Log.java:554)
	at com.temenos.support.Log.testCaseResult(Log.java:250)
	at com.temenos.testscripts.TransferTest.TC_TCIB_Transfer_005(TransferTest.java:347)
	at sun.reflect.NativeMethodAccessorImpl.invoke0(Native Method)
	at sun.reflect.NativeMethodAccessorImpl.invoke(Unknown Source)
	at sun.reflect.DelegatingMethodAccessorImpl.invoke(Unknown Source)
	at java.lang.reflect.Method.invoke(Unknown Source)
	at org.testng.internal.MethodInvocationHelper.invokeMethod(MethodInvocationHelper.java:85)
	at org.testng.internal.Invoker.invokeMethod(Invoker.java:659)
	at org.testng.internal.Invoker.invokeTestMethod(Invoker.java:845)
	at org.testng.internal.TestMethodWithDataProviderMethodWorker.call(TestMethodWithDataProviderMethodWorker.java:75)
	at org.testng.internal.TestMethodWithDataProviderMethodWorker.call(TestMethodWithDataProviderMethodWorker.java:14)
	at java.util.concurrent.FutureTask.run(Unknown Source)
	at java.util.concurrent.Executors$RunnableAdapter.call(Unknown Source)
	at java.util.concurrent.FutureTask.run(Unknown Source)
	at java.util.concurrent.ThreadPoolExecutor.runWorker(Unknown Source)
	at java.util.concurrent.ThreadPoolExecutor$Worker.run(Unknown Source)
	at java.lang.Thread.run(Unknown Source)
]]>
    </failure>
  </testcase> <!-- TC_TCIB_Transfer_005 -->
  <testcase name="TC_TCIB_Transfer_006" time="96.012" classname="com.temenos.testscripts.TransferTest"/>
  <testcase name="TC_TCIB_Transfer_001" time="46.166" classname="com.temenos.testscripts.TransferTest"/>
  <testcase name="TC_TCIB_Transfer_003" time="67.577" classname="com.temenos.testscripts.TransferTest"/>
  <testcase name="TC_TCIB_Transfer_002" time="50.694" classname="com.temenos.testscripts.TransferTest"/>
</testsuite> <!-- com.temenos.testscripts.TransferTest -->
