<?xml version="1.0" encoding="UTF-8"?>
<!-- Generated by org.testng.reporters.JUnitReportReporter -->
<testsuite hostname="aspire1437" name="com.temenos.testscripts.SideBarTest" tests="23" failures="4" timestamp="20 Nov 2017 18:50:48 GMT" time="766.414" errors="0">
  <testcase name="TC_TCIB_CustomerPreference_032" time="40.076" classname="com.temenos.testscripts.SideBarTest">
    <failure type="java.lang.AssertionError" message="Actual : Test Failed. Check the steps above in red color.">
      <![CDATA[java.lang.AssertionError: Actual : Test Failed. Check the steps above in red color.
	at org.testng.Assert.fail(Assert.java:94)
	at com.temenos.support.Log.fail(Log.java:554)
	at com.temenos.support.Log.testCaseResult(Log.java:248)
	at com.temenos.testscripts.SideBarTest.TC_TCIB_CustomerPreference_032(SideBarTest.java:736)
	at sun.reflect.NativeMethodAccessorImpl.invoke0(Native Method)
	at sun.reflect.NativeMethodAccessorImpl.invoke(Unknown Source)
	at sun.reflect.DelegatingMethodAccessorImpl.invoke(Unknown Source)
	at java.lang.reflect.Method.invoke(Unknown Source)
	at org.testng.internal.MethodInvocationHelper.invokeMethod(MethodInvocationHelper.java:85)
	at org.testng.internal.Invoker.invokeMethod(Invoker.java:659)
	at org.testng.internal.Invoker.invokeTestMethod(Invoker.java:845)
	at org.testng.internal.TestMethodWithDataProviderMethodWorker.call(TestMethodWithDataProviderMethodWorker.java:75)
	at org.testng.internal.TestMethodWithDataProviderMethodWorker.call(TestMethodWithDataProviderMethodWorker.java:14)
	at java.util.concurrent.FutureTask.run(Unknown Source)
	at java.util.concurrent.Executors$RunnableAdapter.call(Unknown Source)
	at java.util.concurrent.FutureTask.run(Unknown Source)
	at java.util.concurrent.ThreadPoolExecutor.runWorker(Unknown Source)
	at java.util.concurrent.ThreadPoolExecutor$Worker.run(Unknown Source)
	at java.lang.Thread.run(Unknown Source)
]]>
    </failure>
  </testcase> <!-- TC_TCIB_CustomerPreference_032 -->
  <testcase name="TC_TCIB_Exchange_Rates_001" time="24.373" classname="com.temenos.testscripts.SideBarTest"/>
  <testcase name="TC_TCIB_CustomerPreference_028" time="26.128" classname="com.temenos.testscripts.SideBarTest"/>
  <testcase name="TC_TCIB_CustomerPreference_031" time="36.911" classname="com.temenos.testscripts.SideBarTest">
    <failure type="java.lang.AssertionError" message="Actual : Test Failed. Check the steps above in red color.">
      <![CDATA[java.lang.AssertionError: Actual : Test Failed. Check the steps above in red color.
	at org.testng.Assert.fail(Assert.java:94)
	at com.temenos.support.Log.fail(Log.java:554)
	at com.temenos.support.Log.testCaseResult(Log.java:248)
	at com.temenos.testscripts.SideBarTest.TC_TCIB_CustomerPreference_031(SideBarTest.java:1085)
	at sun.reflect.NativeMethodAccessorImpl.invoke0(Native Method)
	at sun.reflect.NativeMethodAccessorImpl.invoke(Unknown Source)
	at sun.reflect.DelegatingMethodAccessorImpl.invoke(Unknown Source)
	at java.lang.reflect.Method.invoke(Unknown Source)
	at org.testng.internal.MethodInvocationHelper.invokeMethod(MethodInvocationHelper.java:85)
	at org.testng.internal.Invoker.invokeMethod(Invoker.java:659)
	at org.testng.internal.Invoker.invokeTestMethod(Invoker.java:845)
	at org.testng.internal.TestMethodWithDataProviderMethodWorker.call(TestMethodWithDataProviderMethodWorker.java:75)
	at org.testng.internal.TestMethodWithDataProviderMethodWorker.call(TestMethodWithDataProviderMethodWorker.java:14)
	at java.util.concurrent.FutureTask.run(Unknown Source)
	at java.util.concurrent.Executors$RunnableAdapter.call(Unknown Source)
	at java.util.concurrent.FutureTask.run(Unknown Source)
	at java.util.concurrent.ThreadPoolExecutor.runWorker(Unknown Source)
	at java.util.concurrent.ThreadPoolExecutor$Worker.run(Unknown Source)
	at java.lang.Thread.run(Unknown Source)
]]>
    </failure>
  </testcase> <!-- TC_TCIB_CustomerPreference_031 -->
  <testcase name="TC_TCIB_CustomerPreference_ChnageLanguage" time="34.238" classname="com.temenos.testscripts.SideBarTest"/>
  <testcase name="TC_TCIB_SideBar_001" time="25.952" classname="com.temenos.testscripts.SideBarTest"/>
  <testcase name="TC_TCIB_AppSettings_001" time="41.824" classname="com.temenos.testscripts.SideBarTest"/>
  <testcase name="TC_TCIB_CustomerPreference_027" time="37.010" classname="com.temenos.testscripts.SideBarTest"/>
  <testcase name="TC_TCIB_CustomerPreference_030" time="46.229" classname="com.temenos.testscripts.SideBarTest"/>
  <testcase name="TC_TCIB_CustomerPreference_033" time="42.876" classname="com.temenos.testscripts.SideBarTest"/>
  <testcase name="TC_TCIB_CustomerPreference_025" time="30.791" classname="com.temenos.testscripts.SideBarTest">
    <failure type="java.lang.AssertionError" message="Actual : Test Failed. Check the steps above in red color.">
      <![CDATA[java.lang.AssertionError: Actual : Test Failed. Check the steps above in red color.
	at org.testng.Assert.fail(Assert.java:94)
	at com.temenos.support.Log.fail(Log.java:554)
	at com.temenos.support.Log.testCaseResult(Log.java:248)
	at com.temenos.testscripts.SideBarTest.TC_TCIB_CustomerPreference_025(SideBarTest.java:388)
	at sun.reflect.NativeMethodAccessorImpl.invoke0(Native Method)
	at sun.reflect.NativeMethodAccessorImpl.invoke(Unknown Source)
	at sun.reflect.DelegatingMethodAccessorImpl.invoke(Unknown Source)
	at java.lang.reflect.Method.invoke(Unknown Source)
	at org.testng.internal.MethodInvocationHelper.invokeMethod(MethodInvocationHelper.java:85)
	at org.testng.internal.Invoker.invokeMethod(Invoker.java:659)
	at org.testng.internal.Invoker.invokeTestMethod(Invoker.java:845)
	at org.testng.internal.TestMethodWithDataProviderMethodWorker.call(TestMethodWithDataProviderMethodWorker.java:75)
	at org.testng.internal.TestMethodWithDataProviderMethodWorker.call(TestMethodWithDataProviderMethodWorker.java:14)
	at java.util.concurrent.FutureTask.run(Unknown Source)
	at java.util.concurrent.Executors$RunnableAdapter.call(Unknown Source)
	at java.util.concurrent.FutureTask.run(Unknown Source)
	at java.util.concurrent.ThreadPoolExecutor.runWorker(Unknown Source)
	at java.util.concurrent.ThreadPoolExecutor$Worker.run(Unknown Source)
	at java.lang.Thread.run(Unknown Source)
]]>
    </failure>
  </testcase> <!-- TC_TCIB_CustomerPreference_025 -->
  <testcase name="TC_TCIB_CustomerPreference_029" time="39.377" classname="com.temenos.testscripts.SideBarTest"/>
  <testcase name="TC_TCIB_LogOut_001" time="27.205" classname="com.temenos.testscripts.SideBarTest"/>
  <testcase name="TC_TCIB_CustomerPreference_035" time="37.609" classname="com.temenos.testscripts.SideBarTest">
    <failure type="java.lang.AssertionError" message="Actual : Test Failed. Check the steps above in red color.">
      <![CDATA[java.lang.AssertionError: Actual : Test Failed. Check the steps above in red color.
	at org.testng.Assert.fail(Assert.java:94)
	at com.temenos.support.Log.fail(Log.java:554)
	at com.temenos.support.Log.testCaseResult(Log.java:248)
	at com.temenos.testscripts.SideBarTest.TC_TCIB_CustomerPreference_035(SideBarTest.java:869)
	at sun.reflect.NativeMethodAccessorImpl.invoke0(Native Method)
	at sun.reflect.NativeMethodAccessorImpl.invoke(Unknown Source)
	at sun.reflect.DelegatingMethodAccessorImpl.invoke(Unknown Source)
	at java.lang.reflect.Method.invoke(Unknown Source)
	at org.testng.internal.MethodInvocationHelper.invokeMethod(MethodInvocationHelper.java:85)
	at org.testng.internal.Invoker.invokeMethod(Invoker.java:659)
	at org.testng.internal.Invoker.invokeTestMethod(Invoker.java:845)
	at org.testng.internal.TestMethodWithDataProviderMethodWorker.call(TestMethodWithDataProviderMethodWorker.java:75)
	at org.testng.internal.TestMethodWithDataProviderMethodWorker.call(TestMethodWithDataProviderMethodWorker.java:14)
	at java.util.concurrent.FutureTask.run(Unknown Source)
	at java.util.concurrent.Executors$RunnableAdapter.call(Unknown Source)
	at java.util.concurrent.FutureTask.run(Unknown Source)
	at java.util.concurrent.ThreadPoolExecutor.runWorker(Unknown Source)
	at java.util.concurrent.ThreadPoolExecutor$Worker.run(Unknown Source)
	at java.lang.Thread.run(Unknown Source)
]]>
    </failure>
  </testcase> <!-- TC_TCIB_CustomerPreference_035 -->
  <testcase name="TC_TCIB_CustomeProfile_001" time="25.424" classname="com.temenos.testscripts.SideBarTest"/>
  <testcase name="TC_TCIB_Home_001" time="32.733" classname="com.temenos.testscripts.SideBarTest"/>
  <testcase name="TC_TCIB_CustomerPreference_036" time="30.973" classname="com.temenos.testscripts.SideBarTest"/>
  <testcase name="TC_TCIB_Branch_ATM_Locator_001" time="28.181" classname="com.temenos.testscripts.SideBarTest"/>
  <testcase name="TC_TCIB_CustomerPreference_034" time="38.143" classname="com.temenos.testscripts.SideBarTest"/>
  <testcase name="TC_TCIB_CustomerPreference_040" time="35.175" classname="com.temenos.testscripts.SideBarTest"/>
  <testcase name="TC_TCIB_ManagePayees_001" time="26.822" classname="com.temenos.testscripts.SideBarTest"/>
  <testcase name="TC_TCIB_CustomerPreference_026" time="28.057" classname="com.temenos.testscripts.SideBarTest"/>
  <testcase name="TC_TCIB_CustomerPreference_043" time="30.307" classname="com.temenos.testscripts.SideBarTest"/>
</testsuite> <!-- com.temenos.testscripts.SideBarTest -->
